[2018-10-23 12:39:54] local.ERROR: Illuminate\Routing\Router::loadRoutes(): Failed opening required '/Users/tjwebb/Sites/server-tools/routes/api.php' (include_path='.:') {"exception":"[object] (Symfony\\Component\\Debug\\Exception\\FatalErrorException(code: 64): Illuminate\\Routing\\Router::loadRoutes(): Failed opening required '/Users/tjwebb/Sites/server-tools/routes/api.php' (include_path='.:') at /Users/tjwebb/Sites/server-tools/vendor/laravel/framework/src/Illuminate/Routing/Router.php:414)
[stacktrace]
#0 {main}
"} 
[2018-10-23 12:40:21] local.ERROR: App\Console\Kernel::commands(): Failed opening required '/Users/tjwebb/Sites/server-tools/routes/console.php' (include_path='.:') {"exception":"[object] (Symfony\\Component\\Debug\\Exception\\FatalErrorException(code: 64): App\\Console\\Kernel::commands(): Failed opening required '/Users/tjwebb/Sites/server-tools/routes/console.php' (include_path='.:') at /Users/tjwebb/Sites/server-tools/app/Console/Kernel.php:40)
[stacktrace]
#0 {main}
"} 
[2018-10-23 12:40:40] local.ERROR: Illuminate\Routing\Router::loadRoutes(): Failed opening required '/Users/tjwebb/Sites/server-tools/routes/web.php' (include_path='.:') {"exception":"[object] (Symfony\\Component\\Debug\\Exception\\FatalErrorException(code: 64): Illuminate\\Routing\\Router::loadRoutes(): Failed opening required '/Users/tjwebb/Sites/server-tools/routes/web.php' (include_path='.:') at /Users/tjwebb/Sites/server-tools/vendor/laravel/framework/src/Illuminate/Routing/Router.php:414)
[stacktrace]
#0 {main}
"} 
[2018-10-23 12:47:38] local.ERROR: Not enough arguments (missing: "domain"). {"exception":"[object] (Symfony\\Component\\Console\\Exception\\RuntimeException(code: 0): Not enough arguments (missing: \"domain\"). at /Users/tjwebb/Sites/server-tools/vendor/symfony/console/Input/Input.php:76)
[stacktrace]
#0 /Users/tjwebb/Sites/server-tools/vendor/symfony/console/Command/Command.php(250): Symfony\\Component\\Console\\Input\\Input->validate()
#1 /Users/tjwebb/Sites/server-tools/vendor/laravel/framework/src/Illuminate/Console/Command.php(170): Symfony\\Component\\Console\\Command\\Command->run(Object(Symfony\\Component\\Console\\Input\\ArgvInput), Object(Illuminate\\Console\\OutputStyle))
#2 /Users/tjwebb/Sites/server-tools/vendor/symfony/console/Application.php(886): Illuminate\\Console\\Command->run(Object(Symfony\\Component\\Console\\Input\\ArgvInput), Object(Symfony\\Component\\Console\\Output\\ConsoleOutput))
#3 /Users/tjwebb/Sites/server-tools/vendor/symfony/console/Application.php(262): Symfony\\Component\\Console\\Application->doRunCommand(Object(App\\Console\\Commands\\CreateSite), Object(Symfony\\Component\\Console\\Input\\ArgvInput), Object(Symfony\\Component\\Console\\Output\\ConsoleOutput))
#4 /Users/tjwebb/Sites/server-tools/vendor/symfony/console/Application.php(145): Symfony\\Component\\Console\\Application->doRun(Object(Symfony\\Component\\Console\\Input\\ArgvInput), Object(Symfony\\Component\\Console\\Output\\ConsoleOutput))
#5 /Users/tjwebb/Sites/server-tools/vendor/laravel/framework/src/Illuminate/Console/Application.php(89): Symfony\\Component\\Console\\Application->run(Object(Symfony\\Component\\Console\\Input\\ArgvInput), Object(Symfony\\Component\\Console\\Output\\ConsoleOutput))
#6 /Users/tjwebb/Sites/server-tools/vendor/laravel/framework/src/Illuminate/Foundation/Console/Kernel.php(122): Illuminate\\Console\\Application->run(Object(Symfony\\Component\\Console\\Input\\ArgvInput), Object(Symfony\\Component\\Console\\Output\\ConsoleOutput))
#7 /Users/tjwebb/Sites/server-tools/artisan(37): Illuminate\\Foundation\\Console\\Kernel->handle(Object(Symfony\\Component\\Console\\Input\\ArgvInput), Object(Symfony\\Component\\Console\\Output\\ConsoleOutput))
#8 {main}
"} 
[2018-10-23 13:42:16] local.ERROR: Undefined variable: verbose {"exception":"[object] (ErrorException(code: 0): Undefined variable: verbose at /Users/tjwebb/Sites/server-tools/app/Console/Commands/CreateSite.php:59)
[stacktrace]
#0 /Users/tjwebb/Sites/server-tools/app/Console/Commands/CreateSite.php(59): Illuminate\\Foundation\\Bootstrap\\HandleExceptions->handleError(8, 'Undefined varia...', '/Users/tjwebb/S...', 59, Array)
#1 /Users/tjwebb/Sites/server-tools/app/Console/Commands/CreateSite.php(51): App\\Console\\Commands\\CreateSite->command('sudo mkdir /Use...')
#2 [internal function]: App\\Console\\Commands\\CreateSite->handle()
#3 /Users/tjwebb/Sites/server-tools/vendor/laravel/framework/src/Illuminate/Container/BoundMethod.php(29): call_user_func_array(Array, Array)
#4 /Users/tjwebb/Sites/server-tools/vendor/laravel/framework/src/Illuminate/Container/BoundMethod.php(87): Illuminate\\Container\\BoundMethod::Illuminate\\Container\\{closure}()
#5 /Users/tjwebb/Sites/server-tools/vendor/laravel/framework/src/Illuminate/Container/BoundMethod.php(31): Illuminate\\Container\\BoundMethod::callBoundMethod(Object(Illuminate\\Foundation\\Application), Array, Object(Closure))
#6 /Users/tjwebb/Sites/server-tools/vendor/laravel/framework/src/Illuminate/Container/Container.php(572): Illuminate\\Container\\BoundMethod::call(Object(Illuminate\\Foundation\\Application), Array, Array, NULL)
#7 /Users/tjwebb/Sites/server-tools/vendor/laravel/framework/src/Illuminate/Console/Command.php(183): Illuminate\\Container\\Container->call(Array)
#8 /Users/tjwebb/Sites/server-tools/vendor/symfony/console/Command/Command.php(255): Illuminate\\Console\\Command->execute(Object(Symfony\\Component\\Console\\Input\\ArgvInput), Object(Illuminate\\Console\\OutputStyle))
#9 /Users/tjwebb/Sites/server-tools/vendor/laravel/framework/src/Illuminate/Console/Command.php(170): Symfony\\Component\\Console\\Command\\Command->run(Object(Symfony\\Component\\Console\\Input\\ArgvInput), Object(Illuminate\\Console\\OutputStyle))
#10 /Users/tjwebb/Sites/server-tools/vendor/symfony/console/Application.php(886): Illuminate\\Console\\Command->run(Object(Symfony\\Component\\Console\\Input\\ArgvInput), Object(Symfony\\Component\\Console\\Output\\ConsoleOutput))
#11 /Users/tjwebb/Sites/server-tools/vendor/symfony/console/Application.php(262): Symfony\\Component\\Console\\Application->doRunCommand(Object(App\\Console\\Commands\\CreateSite), Object(Symfony\\Component\\Console\\Input\\ArgvInput), Object(Symfony\\Component\\Console\\Output\\ConsoleOutput))
#12 /Users/tjwebb/Sites/server-tools/vendor/symfony/console/Application.php(145): Symfony\\Component\\Console\\Application->doRun(Object(Symfony\\Component\\Console\\Input\\ArgvInput), Object(Symfony\\Component\\Console\\Output\\ConsoleOutput))
#13 /Users/tjwebb/Sites/server-tools/vendor/laravel/framework/src/Illuminate/Console/Application.php(89): Symfony\\Component\\Console\\Application->run(Object(Symfony\\Component\\Console\\Input\\ArgvInput), Object(Symfony\\Component\\Console\\Output\\ConsoleOutput))
#14 /Users/tjwebb/Sites/server-tools/vendor/laravel/framework/src/Illuminate/Foundation/Console/Kernel.php(122): Illuminate\\Console\\Application->run(Object(Symfony\\Component\\Console\\Input\\ArgvInput), Object(Symfony\\Component\\Console\\Output\\ConsoleOutput))
#15 /Users/tjwebb/Sites/server-tools/artisan(37): Illuminate\\Foundation\\Console\\Kernel->handle(Object(Symfony\\Component\\Console\\Input\\ArgvInput), Object(Symfony\\Component\\Console\\Output\\ConsoleOutput))
#16 {main}
"} 
[2018-10-23 13:49:32] local.ERROR: Declaration of App\Console\Commands\CreateSite::error($message) should be compatible with Illuminate\Console\Command::error($string, $verbosity = NULL) {"exception":"[object] (ErrorException(code: 0): Declaration of App\\Console\\Commands\\CreateSite::error($message) should be compatible with Illuminate\\Console\\Command::error($string, $verbosity = NULL) at /Users/tjwebb/Sites/server-tools/app/Console/Commands/CreateSite.php:8)
[stacktrace]
#0 /Users/tjwebb/Sites/server-tools/app/Console/Commands/CreateSite.php(8): Illuminate\\Foundation\\Bootstrap\\HandleExceptions->handleError(2, 'Declaration of ...', '/Users/tjwebb/S...', 8, Array)
#1 /Users/tjwebb/Sites/server-tools/vendor/composer/ClassLoader.php(440): include('/Users/tjwebb/S...')
#2 /Users/tjwebb/Sites/server-tools/vendor/composer/ClassLoader.php(322): Composer\\Autoload\\includeFile('/Users/tjwebb/S...')
#3 [internal function]: Composer\\Autoload\\ClassLoader->loadClass('App\\\\Console\\\\Com...')
#4 [internal function]: spl_autoload_call('App\\\\Console\\\\Com...')
#5 /Users/tjwebb/Sites/server-tools/vendor/laravel/framework/src/Illuminate/Foundation/Console/Kernel.php(218): is_subclass_of('App\\\\Console\\\\Com...', 'Illuminate\\\\Cons...')
#6 /Users/tjwebb/Sites/server-tools/app/Console/Kernel.php(38): Illuminate\\Foundation\\Console\\Kernel->load(Array)
#7 /Users/tjwebb/Sites/server-tools/vendor/laravel/framework/src/Illuminate/Foundation/Console/Kernel.php(303): App\\Console\\Kernel->commands()
#8 /Users/tjwebb/Sites/server-tools/vendor/laravel/framework/src/Illuminate/Foundation/Console/Kernel.php(120): Illuminate\\Foundation\\Console\\Kernel->bootstrap()
#9 /Users/tjwebb/Sites/server-tools/artisan(37): Illuminate\\Foundation\\Console\\Kernel->handle(Object(Symfony\\Component\\Console\\Input\\ArgvInput), Object(Symfony\\Component\\Console\\Output\\ConsoleOutput))
#10 {main}
"} 
